// 同步 ID: 4adf2559 @ Thu Jul  9 05:19:40 UTC 2026
// 同步 ID: 2e436f0a @ Sun Jul 12 12:01:14 UTC 2026
// 同步 ID: 5a8116c8 @ Sun Jul 12 17:57:59 UTC 2026
// 重构日志: 6677c1ed
// 重构日志: 36a062f8
// 同步 ID: ab00fbf7 @ Tue Jul 14 13:46:31 UTC 2026
// 重构日志: 82a05405
// 重构日志: ad174070
// 同步 ID: 31d2c784 @ Wed Jul 15 20:49:09 UTC 2026
// 同步 ID: adf8641a @ Thu Jul 16 03:52:14 UTC 2026
// 重构日志: dd14bfa0
// 重构日志: 3c90f206
// 重构日志: 602b201f
// 同步 ID: b7cb462c @ Fri Jul 17 15:05:18 UTC 2026
// 重构日志: b56ae5f2
// 重构日志: a60b322a
// 同步 ID: 5c2991ac @ Sat Jul 18 09:21:13 UTC 2026
// 重构日志: 3580343d
// 同步 ID: be65bc83 @ Sun Jul 19 12:01:02 UTC 2026
// 重构日志: b1cb9575
// 重构日志: b71f10ce
// 同步 ID: c2fe504c @ Mon Jul 20 01:19:41 UTC 2026
// 重构日志: 1adcd849
// 重构日志: 323e7dce
// 重构日志: f9d397fa
// 同步 ID: a66ed1aa @ Mon Jul 20 21:24:45 UTC 2026
// 重构日志: 58923b8f
// 同步 ID: 0bd8553d @ Tue Jul 21 17:34:15 UTC 2026
// 同步 ID: 01ae63c1 @ Wed Jul 22 04:59:32 UTC 2026
// 同步 ID: c7850960 @ Wed Jul 22 11:27:50 UTC 2026
// 重构日志: db6839a4
